# JRE version: OpenJDK Runtime Environment Homebrew (17.0.1+1) (build 17.0.1+1)
# Java VM: OpenJDK 64-Bit Server VM Homebrew (17.0.1+1, mixed mode, sharing, tiered, compressed oops, compressed class ptrs, g1 gc, bsd-aarch64)
GC Precious Log:
 CPUs: 8 total, 8 available
 Memory: 16384M
 Large Page Support: Disabled
 NUMA Support: Disabled
 Compressed Oops: Enabled (Zero based)
 Heap Region Size: 2M
 Heap Min Capacity: 8M
 Heap Initial Capacity: 256M
 Heap Max Capacity: 4G
 Pre-touch: Disabled
 Parallel Workers: 8
 Concurrent Workers: 2
 Concurrent Refinement Workers: 8
 Periodic GC: Disabled
Heap:
 garbage-first heap   total 159744K, used 23457K [0x0000000700000000, 0x0000000800000000)
  region size 2048K, 7 young (14336K), 2 survivors (4096K)
 Metaspace       used 27405K, committed 27840K, reserved 1081344K
  class space    used 3345K, committed 3520K, reserved 1048576K
GC Heap History (16 events):
Event: 0.400 GC heap before
{Heap before GC invocations=0 (full 0):
 garbage-first heap   total 266240K, used 22496K [0x0000000700000000, 0x0000000800000000)
  region size 2048K, 11 young (22528K), 0 survivors (0K)
 Metaspace       used 6617K, committed 6784K, reserved 1056768K
  class space    used 653K, committed 704K, reserved 1048576K
}
Event: 0.403 GC heap after
{Heap after GC invocations=1 (full 0):
 garbage-first heap   total 266240K, used 8082K [0x0000000700000000, 0x0000000800000000)
  region size 2048K, 2 young (4096K), 2 survivors (4096K)
 Metaspace       used 6617K, committed 6784K, reserved 1056768K
  class space    used 653K, committed 704K, reserved 1048576K
}
Event: 0.491 GC heap before
{Heap before GC invocations=1 (full 0):
 garbage-first heap   total 266240K, used 38802K [0x0000000700000000, 0x0000000800000000)
  region size 2048K, 18 young (36864K), 2 survivors (4096K)
 Metaspace       used 7432K, committed 7552K, reserved 1056768K
  class space    used 766K, committed 832K, reserved 1048576K
}
Event: 0.499 GC heap after
{Heap after GC invocations=2 (full 0):
 garbage-first heap   total 266240K, used 8551K [0x0000000700000000, 0x0000000800000000)
  region size 2048K, 1 young (2048K), 1 survivors (2048K)
 Metaspace       used 7432K, committed 7552K, reserved 1056768K
  class space    used 766K, committed 832K, reserved 1048576K
}
Event: 1.164 GC heap before
{Heap before GC invocations=2 (full 0):
 garbage-first heap   total 266240K, used 160103K [0x0000000700000000, 0x0000000800000000)
  region size 2048K, 76 young (155648K), 1 survivors (2048K)
 Metaspace       used 19900K, committed 20224K, reserved 1073152K
  class space    used 2344K, committed 2496K, reserved 1048576K
}
Event: 1.171 GC heap after
{Heap after GC invocations=3 (full 0):
 garbage-first heap   total 266240K, used 11558K [0x0000000700000000, 0x0000000800000000)
  region size 2048K, 2 young (4096K), 2 survivors (4096K)
 Metaspace       used 19900K, committed 20224K, reserved 1073152K
  class space    used 2344K, committed 2496K, reserved 1048576K
}
Event: 1.220 GC heap before
{Heap before GC invocations=3 (full 0):
 garbage-first heap   total 266240K, used 15654K [0x0000000700000000, 0x0000000800000000)
  region size 2048K, 5 young (10240K), 2 survivors (4096K)
 Metaspace       used 21225K, committed 21504K, reserved 1073152K
  class space    used 2530K, committed 2688K, reserved 1048576K
}
Event: 1.223 GC heap after
{Heap after GC invocations=4 (full 0):
 garbage-first heap   total 266240K, used 12506K [0x0000000700000000, 0x0000000800000000)
  region size 2048K, 3 young (6144K), 3 survivors (6144K)
 Metaspace       used 21225K, committed 21504K, reserved 1073152K
  class space    used 2530K, committed 2688K, reserved 1048576K
}
Event: 1.461 GC heap before
{Heap before GC invocations=5 (full 0):
 garbage-first heap   total 55296K, used 37082K [0x0000000700000000, 0x0000000800000000)
  region size 2048K, 17 young (34816K), 3 survivors (6144K)
 Metaspace       used 22211K, committed 22464K, reserved 1073152K
  class space    used 2660K, committed 2816K, reserved 1048576K
}
Event: 1.464 GC heap after
{Heap after GC invocations=6 (full 0):
 garbage-first heap   total 55296K, used 13443K [0x0000000700000000, 0x0000000800000000)
  region size 2048K, 3 young (6144K), 3 survivors (6144K)
 Metaspace       used 22211K, committed 22464K, reserved 1073152K
  class space    used 2660K, committed 2816K, reserved 1048576K
}
Event: 1.467 GC heap before
{Heap before GC invocations=6 (full 0):
 garbage-first heap   total 55296K, used 33923K [0x0000000700000000, 0x0000000800000000)
  region size 2048K, 14 young (28672K), 3 survivors (6144K)
 Metaspace       used 22211K, committed 22464K, reserved 1073152K
  class space    used 2660K, committed 2816K, reserved 1048576K
}
Event: 1.472 GC heap after
{Heap after GC invocations=7 (full 0):
 garbage-first heap   total 55296K, used 13369K [0x0000000700000000, 0x0000000800000000)
  region size 2048K, 1 young (2048K), 1 survivors (2048K)
 Metaspace       used 22211K, committed 22464K, reserved 1073152K
  class space    used 2660K, committed 2816K, reserved 1048576K
}
Event: 1.473 GC heap before
{Heap before GC invocations=7 (full 0):
 garbage-first heap   total 55296K, used 35897K [0x0000000700000000, 0x0000000800000000)
  region size 2048K, 13 young (26624K), 1 survivors (2048K)
 Metaspace       used 22211K, committed 22464K, reserved 1073152K
  class space    used 2660K, committed 2816K, reserved 1048576K
}
Event: 1.475 GC heap after
{Heap after GC invocations=8 (full 0):
 garbage-first heap   total 159744K, used 13288K [0x0000000700000000, 0x0000000800000000)
  region size 2048K, 1 young (2048K), 1 survivors (2048K)
 Metaspace       used 22211K, committed 22464K, reserved 1073152K
  class space    used 2660K, committed 2816K, reserved 1048576K
}
Event: 2.134 GC heap before
{Heap before GC invocations=8 (full 0):
 garbage-first heap   total 159744K, used 103400K [0x0000000700000000, 0x0000000800000000)
  region size 2048K, 46 young (94208K), 1 survivors (2048K)
 Metaspace       used 26305K, committed 26624K, reserved 1073152K
  class space    used 3164K, committed 3328K, reserved 1048576K
}
Event: 2.139 GC heap after
{Heap after GC invocations=9 (full 0):
 garbage-first heap   total 159744K, used 15265K [0x0000000700000000, 0x0000000800000000)
  region size 2048K, 2 young (4096K), 2 survivors (4096K)
 Metaspace       used 26305K, committed 26624K, reserved 1073152K
  class space    used 3164K, committed 3328K, reserved 1048576K
}

